<?xml version="1.0" encoding="UTF-8"?>
<!-- Generated by org.testng.reporters.JUnitReportReporter -->
<testsuite skipped="0" hostname="DESKTOP-KBNBBMI" name="practice.DeleatContactFromOrganization1" tests="1" failures="0" timestamp="2021-09-07T23:22:13 IST" time="30.413" errors="0">
  <testcase name="handlingDynamicWebtable" time="30.413" classname="practice.DeleatContactFromOrganization1"/>
  <system-out/>
</testsuite> <!-- practice.DeleatContactFromOrganization1 -->
