<?xml version="1.0" encoding="UTF-8"?>
<!-- Generated by org.testng.reporters.JUnitReportReporter -->
<testsuite skipped="0" hostname="DESKTOP-KBNBBMI" name="practice.DeleatContactFromOrganization" tests="1" failures="0" timestamp="2021-09-07T23:13:37 IST" time="45.130" errors="0">
  <testcase name="handlingDynamicWebtable" time="45.130" classname="practice.DeleatContactFromOrganization"/>
  <system-out/>
</testsuite> <!-- practice.DeleatContactFromOrganization -->
