<?xml version="1.0" encoding="UTF-8"?>
<!-- Generated by org.testng.reporters.JUnitReportReporter -->
<testsuite skipped="0" hostname="DESKTOP-KBNBBMI" name="practice.Sample_MavenParameterTest" tests="1" failures="0" timestamp="2021-09-04T12:29:01 IST" time="88.173" errors="0">
  <testcase name="sampleTest" time="88.173" classname="practice.Sample_MavenParameterTest"/>
  <system-out/>
</testsuite> <!-- practice.Sample_MavenParameterTest -->
